2018-01-02 15:15 +08:00: 开始时间： 2018-01-02T07:15:29.667Z
2018-01-02 15:15 +08:00: getSource 7b
2018-01-02 15:15 +08:00: mongo connected
2018-01-02 15:15 +08:00: webSocket on 8600
2018-01-02 15:15 +08:00: getSourceWithHttps 7b
2018-01-02 15:15 +08:00: getSource 7c
2018-01-02 15:15 +08:00: getSource 7d
2018-01-02 15:15 +08:00: getSource 7e
2018-01-02 15:15 +08:00: getSource 7f
2018-01-02 15:15 +08:00: getSource 7g
2018-01-02 15:15 +08:00: getSource 7h
2018-01-02 15:15 +08:00: getSourceWithHttps 7h
2018-01-02 15:15 +08:00: getSource 7i
2018-01-02 15:16 +08:00: getSourceWithHttps 7i
2018-01-02 15:16 +08:00: getSource 7j
2018-01-02 15:16 +08:00: getSourceWithHttps 7j
2018-01-02 15:16 +08:00: getSource 7k
2018-01-02 15:16 +08:00: 开始时间： 2018-01-02T07:16:38.825Z
2018-01-02 15:16 +08:00: getSource 7b
2018-01-02 15:16 +08:00: mongo connected
2018-01-02 15:16 +08:00: webSocket on 8600
2018-01-02 15:16 +08:00: getSourceWithHttps 7b
2018-01-02 15:16 +08:00: getSource 7c
2018-01-02 15:16 +08:00: getSource 7d
2018-01-02 15:16 +08:00: getSource 7e
2018-01-02 15:16 +08:00: getSource 7f
2018-01-02 15:16 +08:00: getSource 7g
2018-01-02 15:16 +08:00: getSource 7h
